<?xml version="1.0" encoding="UTF-8"?>
<!-- Generated by org.testng.reporters.JUnitXMLReporter -->
<testsuite ignored="0" hostname="Xyoss005" failures="0" tests="4" name="Cart Test" time="46.094" errors="0" timestamp="2025-08-10T02:26:01 GMT+06:00">
  <testcase classname="com.saucedemo.tests.CartTest" name="testCheckoutButtonVisible" time="7.5"/>
  <testcase classname="com.saucedemo.tests.CartTest" name="testItemAddedToCart" time="7.9"/>
  <testcase classname="com.saucedemo.tests.CartTest" name="testRemoveItemFromCart" time="8.675"/>
  <testcase classname="com.saucedemo.tests.CartTest" name="testContinueShopping" time="8.499"/>
</testsuite> <!-- Cart Test -->
