<?xml version="1.0" encoding="UTF-8"?>
<!-- Generated by org.testng.reporters.JUnitXMLReporter -->
<testsuite ignored="0" hostname="Xyoss005" failures="0" tests="4" name="Cart Test" time="73.235" errors="0" timestamp="2025-08-08T20:11:09 GMT+06:00">
  <testcase classname="com.saucedemo.tests.CartTest" name="testCheckoutButtonVisible" time="18.825"/>
  <testcase classname="com.saucedemo.tests.CartTest" name="testItemAddedToCart" time="19.866"/>
  <testcase classname="com.saucedemo.tests.CartTest" name="testRemoveItemFromCart" time="16.634"/>
  <testcase classname="com.saucedemo.tests.CartTest" name="testContinueShopping" time="6.971"/>
</testsuite> <!-- Cart Test -->
