<?xml version="1.0" encoding="UTF-8"?>
<!-- Generated by org.testng.reporters.JUnitXMLReporter -->
<testsuite ignored="0" hostname="Xyoss005" failures="0" tests="6" name="Inventory Test" time="89.574" errors="0" timestamp="2025-08-08T20:09:56 GMT+06:00">
  <testcase classname="com.saucedemo.tests.InventoryTest" name="testInventoryPageHeading" time="10.746"/>
  <testcase classname="com.saucedemo.tests.InventoryTest" name="testCartBadgeDisplay" time="6.995"/>
  <testcase classname="com.saucedemo.tests.InventoryTest" name="testAddItemToCart" time="8.426"/>
  <testcase classname="com.saucedemo.tests.InventoryTest" name="testRemoveItemFromInventory" time="11.028"/>
  <testcase classname="com.saucedemo.tests.InventoryTest" name="testSortInventory" time="15.737"/>
  <testcase classname="com.saucedemo.tests.InventoryTest" name="testMenuButtonExists" time="17.549"/>
</testsuite> <!-- Inventory Test -->
