<?xml version="1.0" encoding="UTF-8"?>
<!-- Generated by org.testng.reporters.JUnitXMLReporter -->
<testsuite ignored="0" hostname="Xyoss005" failures="0" tests="6" name="Inventory Test" time="60.675" errors="0" timestamp="2025-08-10T02:25:15 GMT+06:00">
  <testcase classname="com.saucedemo.tests.InventoryTest" name="testInventoryPageHeading" time="5.483"/>
  <testcase classname="com.saucedemo.tests.InventoryTest" name="testCartBadgeDisplay" time="6.462"/>
  <testcase classname="com.saucedemo.tests.InventoryTest" name="testAddItemToCart" time="6.362"/>
  <testcase classname="com.saucedemo.tests.InventoryTest" name="testRemoveItemFromInventory" time="7.774"/>
  <testcase classname="com.saucedemo.tests.InventoryTest" name="testSortInventory" time="6.51"/>
  <testcase classname="com.saucedemo.tests.InventoryTest" name="testMenuButtonExists" time="6.772"/>
</testsuite> <!-- Inventory Test -->
