<?xml version="1.0" encoding="UTF-8"?>
<!-- Generated by org.testng.reporters.JUnitXMLReporter -->
<testsuite ignored="0" hostname="Xyoss005" failures="0" tests="3" name="Login Tests" time="55.268" errors="0" timestamp="2025-08-08T20:08:26 GMT+06:00">
  <testcase classname="com.saucedemo.tests.LoginTest" name="testSuccessfulLogin" time="8.338"/>
  <testcase classname="com.saucedemo.tests.LoginTest" name="testLockedOutUser" time="11.489"/>
  <testcase classname="com.saucedemo.tests.LoginTest" name="testInvalidCredentials" time="6.386"/>
</testsuite> <!-- Login Tests -->
