<?xml version="1.0" encoding="UTF-8"?>
<!-- Generated by org.testng.reporters.JUnitXMLReporter -->
<testsuite ignored="0" hostname="Xyoss005" failures="0" tests="3" name="Login Tests" time="45.99" errors="0" timestamp="2025-08-10T02:24:14 GMT+06:00">
  <testcase classname="com.saucedemo.tests.LoginTest" name="testSuccessfulLogin" time="5.495"/>
  <testcase classname="com.saucedemo.tests.LoginTest" name="testLockedOutUser" time="5.845"/>
  <testcase classname="com.saucedemo.tests.LoginTest" name="testInvalidCredentials" time="5.205"/>
</testsuite> <!-- Login Tests -->
