<?xml version="1.0" encoding="UTF-8"?>
<!-- Generated by org.testng.reporters.JUnitXMLReporter -->
<testsuite ignored="0" hostname="Xyoss005" failures="0" tests="3" name="Product Test" time="31.502" errors="0" timestamp="2025-08-10T02:26:43 GMT+06:00">
  <testcase classname="com.saucedemo.tests.ProductTest" name="testProductDetailsDisplay" time="6.324"/>
  <testcase classname="com.saucedemo.tests.ProductTest" name="testAddToCartFromProductPage" time="7.312"/>
  <testcase classname="com.saucedemo.tests.ProductTest" name="testBackNavigation" time="7.468"/>
</testsuite> <!-- Product Test -->
