<?xml version="1.0" encoding="UTF-8"?>
<!-- Generated by org.testng.reporters.JUnitXMLReporter -->
<testsuite ignored="0" hostname="Xyoss005" failures="0" tests="4" name="Cart Test" time="23.366" errors="0" timestamp="2025-08-08T23:29:57 GMT+06:00">
  <testcase classname="com.saucedemo.tests.CartTest" name="testCheckoutButtonVisible" time="2.036"/>
  <testcase classname="com.saucedemo.tests.CartTest" name="testItemAddedToCart" time="2.391"/>
  <testcase classname="com.saucedemo.tests.CartTest" name="testRemoveItemFromCart" time="2.419"/>
  <testcase classname="com.saucedemo.tests.CartTest" name="testContinueShopping" time="2.343"/>
</testsuite> <!-- Cart Test -->
