<?xml version="1.0" encoding="UTF-8"?>
<!-- Generated by org.testng.reporters.JUnitXMLReporter -->
<testsuite ignored="0" hostname="Xyoss005" failures="0" tests="6" name="Inventory Test" time="32.083" errors="0" timestamp="2025-08-08T23:29:34 GMT+06:00">
  <testcase classname="com.saucedemo.tests.InventoryTest" name="testInventoryPageHeading" time="1.741"/>
  <testcase classname="com.saucedemo.tests.InventoryTest" name="testCartBadgeDisplay" time="2.597"/>
  <testcase classname="com.saucedemo.tests.InventoryTest" name="testAddItemToCart" time="1.817"/>
  <testcase classname="com.saucedemo.tests.InventoryTest" name="testRemoveItemFromInventory" time="1.946"/>
  <testcase classname="com.saucedemo.tests.InventoryTest" name="testSortInventory" time="1.742"/>
  <testcase classname="com.saucedemo.tests.InventoryTest" name="testMenuButtonExists" time="1.752"/>
</testsuite> <!-- Inventory Test -->
