<?xml version="1.0" encoding="UTF-8"?>
<!-- Generated by org.testng.reporters.JUnitXMLReporter -->
<testsuite ignored="0" hostname="Xyoss005" failures="0" tests="3" name="Login Tests" time="34.462" errors="0" timestamp="2025-08-08T23:29:02 GMT+06:00">
  <testcase classname="com.saucedemo.tests.LoginTest" name="testSuccessfulLogin" time="1.834"/>
  <testcase classname="com.saucedemo.tests.LoginTest" name="testLockedOutUser" time="1.488"/>
  <testcase classname="com.saucedemo.tests.LoginTest" name="testInvalidCredentials" time="1.661"/>
</testsuite> <!-- Login Tests -->
