<?xml version="1.0" encoding="UTF-8"?>
<testsuite xmlns:xsi="http://www.w3.org/2001/XMLSchema-instance" xsi:noNamespaceSchemaLocation="https://maven.apache.org/surefire/maven-surefire-plugin/xsd/surefire-test-report-3.0.xsd" version="3.0" name="TestSuite" time="91.716" tests="13" errors="0" skipped="0" failures="0">
  <properties>
[...]
</properties>
  <testcase name="testSuccessfulLogin" classname="com.saucedemo.tests.LoginTest" time="1.916">
    <system-err><![CDATA[SLF4J: Failed to load class "org.slf4j.impl.StaticLoggerBinder".
SLF4J: Defaulting to no-operation (NOP) logger implementation
SLF4J: See http://www.slf4j.org/codes.html#StaticLoggerBinder for further details.
]]></system-err>
  </testcase>
  <testcase name="testLockedOutUser" classname="com.saucedemo.tests.LoginTest" time="1.492"/>
  <testcase name="testInvalidCredentials" classname="com.saucedemo.tests.LoginTest" time="1.664"/>
  <testcase name="testInventoryPageHeading" classname="com.saucedemo.tests.InventoryTest" time="1.746"/>
  <testcase name="testCartBadgeDisplay" classname="com.saucedemo.tests.InventoryTest" time="2.601"/>
  <testcase name="testAddItemToCart" classname="com.saucedemo.tests.InventoryTest" time="1.832"/>
  <testcase name="testRemoveItemFromInventory" classname="com.saucedemo.tests.InventoryTest" time="1.949"/>
  <testcase name="testSortInventory" classname="com.saucedemo.tests.InventoryTest" time="1.744"/>
  <testcase name="testMenuButtonExists" classname="com.saucedemo.tests.InventoryTest" time="1.748"/>
  <testcase name="testCheckoutButtonVisible" classname="com.saucedemo.tests.CartTest" time="2.04"/>
  <testcase name="testItemAddedToCart" classname="com.saucedemo.tests.CartTest" time="2.387"/>
  <testcase name="testRemoveItemFromCart" classname="com.saucedemo.tests.CartTest" time="2.422"/>
  <testcase name="testContinueShopping" classname="com.saucedemo.tests.CartTest" time="2.354"/>
</testsuite>