<?xml version="1.0" encoding="UTF-8"?>
<testng-results ignored="0" total="17" passed="17" failed="0" skipped="0">
  <reporter-output>
  </reporter-output>
  <suite started-at="2025-08-10T02:23:28 GMT+06:00" name="SauceDemo Test Suite" finished-at="2025-08-10T02:26:43 GMT+06:00" duration-ms="195031">
    <groups>
    </groups>
    <test started-at="2025-08-10T02:23:28 GMT+06:00" name="Login Tests" finished-at="2025-08-10T02:24:14 GMT+06:00" duration-ms="45990">
      <class name="com.saucedemo.tests.LoginTest">
        <test-method is-config="true" signature="setUp(java.lang.String,java.lang.String)[pri:0, instance:com.saucedemo.tests.LoginTest@4d1c005e]" started-at="2025-08-10T02:23:28 GMT+06:00" name="setUp" finished-at="2025-08-10T02:23:49 GMT+06:00" duration-ms="20408" status="PASS">
          <params>
            <param index="0">
              <value>
                <![CDATA[chromium]]>
              </value>
            </param>
            <param index="1">
              <value>
                <![CDATA[false]]>
              </value>
            </param>
          </params>
          <reporter-output>
          </reporter-output>
        </test-method> <!-- setUp -->
        <test-method signature="testSuccessfulLogin()[pri:1, instance:com.saucedemo.tests.LoginTest@4d1c005e]" started-at="2025-08-10T02:23:49 GMT+06:00" name="testSuccessfulLogin" description="Successful login with valid credentials" finished-at="2025-08-10T02:23:55 GMT+06:00" duration-ms="5495" status="PASS">
          <reporter-output>
          </reporter-output>
        </test-method> <!-- testSuccessfulLogin -->
        <test-method is-config="true" signature="tearDown()[pri:0, instance:com.saucedemo.tests.LoginTest@4d1c005e]" started-at="2025-08-10T02:23:55 GMT+06:00" name="tearDown" finished-at="2025-08-10T02:23:56 GMT+06:00" duration-ms="1131" status="PASS">
          <reporter-output>
          </reporter-output>
        </test-method> <!-- tearDown -->
        <test-method is-config="true" signature="setUp(java.lang.String,java.lang.String)[pri:0, instance:com.saucedemo.tests.LoginTest@4d1c005e]" started-at="2025-08-10T02:23:56 GMT+06:00" name="setUp" finished-at="2025-08-10T02:23:59 GMT+06:00" duration-ms="2978" status="PASS">
          <params>
            <param index="0">
              <value>
                <![CDATA[chromium]]>
              </value>
            </param>
            <param index="1">
              <value>
                <![CDATA[false]]>
              </value>
            </param>
          </params>
          <reporter-output>
          </reporter-output>
        </test-method> <!-- setUp -->
        <test-method signature="testLockedOutUser()[pri:2, instance:com.saucedemo.tests.LoginTest@4d1c005e]" started-at="2025-08-10T02:23:59 GMT+06:00" name="testLockedOutUser" description="Error message for locked_out_user" finished-at="2025-08-10T02:24:05 GMT+06:00" duration-ms="5845" status="PASS">
          <reporter-output>
          </reporter-output>
        </test-method> <!-- testLockedOutUser -->
        <test-method is-config="true" signature="tearDown()[pri:0, instance:com.saucedemo.tests.LoginTest@4d1c005e]" started-at="2025-08-10T02:24:05 GMT+06:00" name="tearDown" finished-at="2025-08-10T02:24:05 GMT+06:00" duration-ms="696" status="PASS">
          <reporter-output>
          </reporter-output>
        </test-method> <!-- tearDown -->
        <test-method is-config="true" signature="setUp(java.lang.String,java.lang.String)[pri:0, instance:com.saucedemo.tests.LoginTest@4d1c005e]" started-at="2025-08-10T02:24:05 GMT+06:00" name="setUp" finished-at="2025-08-10T02:24:08 GMT+06:00" duration-ms="3008" status="PASS">
          <params>
            <param index="0">
              <value>
                <![CDATA[chromium]]>
              </value>
            </param>
            <param index="1">
              <value>
                <![CDATA[false]]>
              </value>
            </param>
          </params>
          <reporter-output>
          </reporter-output>
        </test-method> <!-- setUp -->
        <test-method signature="testInvalidCredentials()[pri:3, instance:com.saucedemo.tests.LoginTest@4d1c005e]" started-at="2025-08-10T02:24:08 GMT+06:00" name="testInvalidCredentials" description="Error message for invalid credentials" finished-at="2025-08-10T02:24:13 GMT+06:00" duration-ms="5205" status="PASS">
          <reporter-output>
          </reporter-output>
        </test-method> <!-- testInvalidCredentials -->
        <test-method is-config="true" signature="tearDown()[pri:0, instance:com.saucedemo.tests.LoginTest@4d1c005e]" started-at="2025-08-10T02:24:13 GMT+06:00" name="tearDown" finished-at="2025-08-10T02:24:14 GMT+06:00" duration-ms="827" status="PASS">
          <reporter-output>
          </reporter-output>
        </test-method> <!-- tearDown -->
      </class> <!-- com.saucedemo.tests.LoginTest -->
    </test> <!-- Login Tests -->
    <test started-at="2025-08-10T02:24:14 GMT+06:00" name="Inventory Test" finished-at="2025-08-10T02:25:15 GMT+06:00" duration-ms="60675">
      <class name="com.saucedemo.tests.InventoryTest">
        <test-method is-config="true" signature="setUp(java.lang.String,java.lang.String)[pri:0, instance:com.saucedemo.tests.InventoryTest@6a8658ff]" started-at="2025-08-10T02:24:14 GMT+06:00" name="setUp" finished-at="2025-08-10T02:24:17 GMT+06:00" duration-ms="2807" status="PASS">
          <params>
            <param index="0">
              <value>
                <![CDATA[chromium]]>
              </value>
            </param>
            <param index="1">
              <value>
                <![CDATA[false]]>
              </value>
            </param>
          </params>
          <reporter-output>
          </reporter-output>
        </test-method> <!-- setUp -->
        <test-method signature="testInventoryPageHeading()[pri:1, instance:com.saucedemo.tests.InventoryTest@6a8658ff]" started-at="2025-08-10T02:24:17 GMT+06:00" name="testInventoryPageHeading" description="Verify inventory page contains &#039;Swag Labs&#039; heading" finished-at="2025-08-10T02:24:23 GMT+06:00" duration-ms="5483" status="PASS">
          <reporter-output>
          </reporter-output>
        </test-method> <!-- testInventoryPageHeading -->
        <test-method is-config="true" signature="tearDown()[pri:0, instance:com.saucedemo.tests.InventoryTest@6a8658ff]" started-at="2025-08-10T02:24:23 GMT+06:00" name="tearDown" finished-at="2025-08-10T02:24:23 GMT+06:00" duration-ms="682" status="PASS">
          <reporter-output>
          </reporter-output>
        </test-method> <!-- tearDown -->
        <test-method is-config="true" signature="setUp(java.lang.String,java.lang.String)[pri:0, instance:com.saucedemo.tests.InventoryTest@6a8658ff]" started-at="2025-08-10T02:24:23 GMT+06:00" name="setUp" finished-at="2025-08-10T02:24:26 GMT+06:00" duration-ms="2752" status="PASS">
          <params>
            <param index="0">
              <value>
                <![CDATA[chromium]]>
              </value>
            </param>
            <param index="1">
              <value>
                <![CDATA[false]]>
              </value>
            </param>
          </params>
          <reporter-output>
          </reporter-output>
        </test-method> <!-- setUp -->
        <test-method signature="testCartBadgeDisplay()[pri:2, instance:com.saucedemo.tests.InventoryTest@6a8658ff]" started-at="2025-08-10T02:24:26 GMT+06:00" name="testCartBadgeDisplay" description="Verify cart badge is displayed when item added" finished-at="2025-08-10T02:24:33 GMT+06:00" duration-ms="6462" status="PASS">
          <reporter-output>
          </reporter-output>
        </test-method> <!-- testCartBadgeDisplay -->
        <test-method is-config="true" signature="tearDown()[pri:0, instance:com.saucedemo.tests.InventoryTest@6a8658ff]" started-at="2025-08-10T02:24:33 GMT+06:00" name="tearDown" finished-at="2025-08-10T02:24:33 GMT+06:00" duration-ms="698" status="PASS">
          <reporter-output>
          </reporter-output>
        </test-method> <!-- tearDown -->
        <test-method is-config="true" signature="setUp(java.lang.String,java.lang.String)[pri:0, instance:com.saucedemo.tests.InventoryTest@6a8658ff]" started-at="2025-08-10T02:24:33 GMT+06:00" name="setUp" finished-at="2025-08-10T02:24:36 GMT+06:00" duration-ms="3004" status="PASS">
          <params>
            <param index="0">
              <value>
                <![CDATA[chromium]]>
              </value>
            </param>
            <param index="1">
              <value>
                <![CDATA[false]]>
              </value>
            </param>
          </params>
          <reporter-output>
          </reporter-output>
        </test-method> <!-- setUp -->
        <test-method signature="testAddItemToCart()[pri:3, instance:com.saucedemo.tests.InventoryTest@6a8658ff]" started-at="2025-08-10T02:24:36 GMT+06:00" name="testAddItemToCart" description="Add item to cart from inventory" finished-at="2025-08-10T02:24:43 GMT+06:00" duration-ms="6362" status="PASS">
          <reporter-output>
          </reporter-output>
        </test-method> <!-- testAddItemToCart -->
        <test-method is-config="true" signature="tearDown()[pri:0, instance:com.saucedemo.tests.InventoryTest@6a8658ff]" started-at="2025-08-10T02:24:43 GMT+06:00" name="tearDown" finished-at="2025-08-10T02:24:43 GMT+06:00" duration-ms="691" status="PASS">
          <reporter-output>
          </reporter-output>
        </test-method> <!-- tearDown -->
        <test-method is-config="true" signature="setUp(java.lang.String,java.lang.String)[pri:0, instance:com.saucedemo.tests.InventoryTest@6a8658ff]" started-at="2025-08-10T02:24:43 GMT+06:00" name="setUp" finished-at="2025-08-10T02:24:46 GMT+06:00" duration-ms="2857" status="PASS">
          <params>
            <param index="0">
              <value>
                <![CDATA[chromium]]>
              </value>
            </param>
            <param index="1">
              <value>
                <![CDATA[false]]>
              </value>
            </param>
          </params>
          <reporter-output>
          </reporter-output>
        </test-method> <!-- setUp -->
        <test-method signature="testRemoveItemFromInventory()[pri:4, instance:com.saucedemo.tests.InventoryTest@6a8658ff]" started-at="2025-08-10T02:24:46 GMT+06:00" name="testRemoveItemFromInventory" description="Remove item from inventory" finished-at="2025-08-10T02:24:54 GMT+06:00" duration-ms="7774" status="PASS">
          <reporter-output>
          </reporter-output>
        </test-method> <!-- testRemoveItemFromInventory -->
        <test-method is-config="true" signature="tearDown()[pri:0, instance:com.saucedemo.tests.InventoryTest@6a8658ff]" started-at="2025-08-10T02:24:54 GMT+06:00" name="tearDown" finished-at="2025-08-10T02:24:55 GMT+06:00" duration-ms="594" status="PASS">
          <reporter-output>
          </reporter-output>
        </test-method> <!-- tearDown -->
        <test-method is-config="true" signature="setUp(java.lang.String,java.lang.String)[pri:0, instance:com.saucedemo.tests.InventoryTest@6a8658ff]" started-at="2025-08-10T02:24:55 GMT+06:00" name="setUp" finished-at="2025-08-10T02:24:57 GMT+06:00" duration-ms="2810" status="PASS">
          <params>
            <param index="0">
              <value>
                <![CDATA[chromium]]>
              </value>
            </param>
            <param index="1">
              <value>
                <![CDATA[false]]>
              </value>
            </param>
          </params>
          <reporter-output>
          </reporter-output>
        </test-method> <!-- setUp -->
        <test-method signature="testSortInventory()[pri:5, instance:com.saucedemo.tests.InventoryTest@6a8658ff]" started-at="2025-08-10T02:24:57 GMT+06:00" name="testSortInventory" description="Sort inventory items by Name (Z to A)" finished-at="2025-08-10T02:25:04 GMT+06:00" duration-ms="6510" status="PASS">
          <reporter-output>
          </reporter-output>
        </test-method> <!-- testSortInventory -->
        <test-method is-config="true" signature="tearDown()[pri:0, instance:com.saucedemo.tests.InventoryTest@6a8658ff]" started-at="2025-08-10T02:25:04 GMT+06:00" name="tearDown" finished-at="2025-08-10T02:25:05 GMT+06:00" duration-ms="614" status="PASS">
          <reporter-output>
          </reporter-output>
        </test-method> <!-- tearDown -->
        <test-method is-config="true" signature="setUp(java.lang.String,java.lang.String)[pri:0, instance:com.saucedemo.tests.InventoryTest@6a8658ff]" started-at="2025-08-10T02:25:05 GMT+06:00" name="setUp" finished-at="2025-08-10T02:25:08 GMT+06:00" duration-ms="2981" status="PASS">
          <params>
            <param index="0">
              <value>
                <![CDATA[chromium]]>
              </value>
            </param>
            <param index="1">
              <value>
                <![CDATA[false]]>
              </value>
            </param>
          </params>
          <reporter-output>
          </reporter-output>
        </test-method> <!-- setUp -->
        <test-method signature="testMenuButtonExists()[pri:6, instance:com.saucedemo.tests.InventoryTest@6a8658ff]" started-at="2025-08-10T02:25:08 GMT+06:00" name="testMenuButtonExists" description="Verify &#039;Open Menu&#039; button exists" finished-at="2025-08-10T02:25:14 GMT+06:00" duration-ms="6772" status="PASS">
          <reporter-output>
          </reporter-output>
        </test-method> <!-- testMenuButtonExists -->
        <test-method is-config="true" signature="tearDown()[pri:0, instance:com.saucedemo.tests.InventoryTest@6a8658ff]" started-at="2025-08-10T02:25:14 GMT+06:00" name="tearDown" finished-at="2025-08-10T02:25:15 GMT+06:00" duration-ms="735" status="PASS">
          <reporter-output>
          </reporter-output>
        </test-method> <!-- tearDown -->
      </class> <!-- com.saucedemo.tests.InventoryTest -->
    </test> <!-- Inventory Test -->
    <test started-at="2025-08-10T02:25:15 GMT+06:00" name="Cart Test" finished-at="2025-08-10T02:26:01 GMT+06:00" duration-ms="46094">
      <class name="com.saucedemo.tests.CartTest">
        <test-method is-config="true" signature="setUp(java.lang.String,java.lang.String)[pri:0, instance:com.saucedemo.tests.CartTest@25df00a0]" started-at="2025-08-10T02:25:15 GMT+06:00" name="setUp" finished-at="2025-08-10T02:25:18 GMT+06:00" duration-ms="2971" status="PASS">
          <params>
            <param index="0">
              <value>
                <![CDATA[chromium]]>
              </value>
            </param>
            <param index="1">
              <value>
                <![CDATA[false]]>
              </value>
            </param>
          </params>
          <reporter-output>
          </reporter-output>
        </test-method> <!-- setUp -->
        <test-method signature="testCheckoutButtonVisible()[pri:1, instance:com.saucedemo.tests.CartTest@25df00a0]" started-at="2025-08-10T02:25:18 GMT+06:00" name="testCheckoutButtonVisible" description="Verify checkout button is visible" finished-at="2025-08-10T02:25:26 GMT+06:00" duration-ms="7500" status="PASS">
          <reporter-output>
          </reporter-output>
        </test-method> <!-- testCheckoutButtonVisible -->
        <test-method is-config="true" signature="tearDown()[pri:0, instance:com.saucedemo.tests.CartTest@25df00a0]" started-at="2025-08-10T02:25:26 GMT+06:00" name="tearDown" finished-at="2025-08-10T02:25:26 GMT+06:00" duration-ms="861" status="PASS">
          <reporter-output>
          </reporter-output>
        </test-method> <!-- tearDown -->
        <test-method is-config="true" signature="setUp(java.lang.String,java.lang.String)[pri:0, instance:com.saucedemo.tests.CartTest@25df00a0]" started-at="2025-08-10T02:25:26 GMT+06:00" name="setUp" finished-at="2025-08-10T02:25:29 GMT+06:00" duration-ms="2611" status="PASS">
          <params>
            <param index="0">
              <value>
                <![CDATA[chromium]]>
              </value>
            </param>
            <param index="1">
              <value>
                <![CDATA[false]]>
              </value>
            </param>
          </params>
          <reporter-output>
          </reporter-output>
        </test-method> <!-- setUp -->
        <test-method signature="testItemAddedToCart()[pri:2, instance:com.saucedemo.tests.CartTest@25df00a0]" started-at="2025-08-10T02:25:29 GMT+06:00" name="testItemAddedToCart" description="Verify items added to cart" finished-at="2025-08-10T02:25:37 GMT+06:00" duration-ms="7900" status="PASS">
          <reporter-output>
          </reporter-output>
        </test-method> <!-- testItemAddedToCart -->
        <test-method is-config="true" signature="tearDown()[pri:0, instance:com.saucedemo.tests.CartTest@25df00a0]" started-at="2025-08-10T02:25:37 GMT+06:00" name="tearDown" finished-at="2025-08-10T02:25:38 GMT+06:00" duration-ms="583" status="PASS">
          <reporter-output>
          </reporter-output>
        </test-method> <!-- tearDown -->
        <test-method is-config="true" signature="setUp(java.lang.String,java.lang.String)[pri:0, instance:com.saucedemo.tests.CartTest@25df00a0]" started-at="2025-08-10T02:25:38 GMT+06:00" name="setUp" finished-at="2025-08-10T02:25:40 GMT+06:00" duration-ms="2632" status="PASS">
          <params>
            <param index="0">
              <value>
                <![CDATA[chromium]]>
              </value>
            </param>
            <param index="1">
              <value>
                <![CDATA[false]]>
              </value>
            </param>
          </params>
          <reporter-output>
          </reporter-output>
        </test-method> <!-- setUp -->
        <test-method signature="testRemoveItemFromCart()[pri:3, instance:com.saucedemo.tests.CartTest@25df00a0]" started-at="2025-08-10T02:25:40 GMT+06:00" name="testRemoveItemFromCart" description="Remove item from cart" finished-at="2025-08-10T02:25:49 GMT+06:00" duration-ms="8675" status="PASS">
          <reporter-output>
          </reporter-output>
        </test-method> <!-- testRemoveItemFromCart -->
        <test-method is-config="true" signature="tearDown()[pri:0, instance:com.saucedemo.tests.CartTest@25df00a0]" started-at="2025-08-10T02:25:49 GMT+06:00" name="tearDown" finished-at="2025-08-10T02:25:49 GMT+06:00" duration-ms="582" status="PASS">
          <reporter-output>
          </reporter-output>
        </test-method> <!-- tearDown -->
        <test-method is-config="true" signature="setUp(java.lang.String,java.lang.String)[pri:0, instance:com.saucedemo.tests.CartTest@25df00a0]" started-at="2025-08-10T02:25:49 GMT+06:00" name="setUp" finished-at="2025-08-10T02:25:52 GMT+06:00" duration-ms="2638" status="PASS">
          <params>
            <param index="0">
              <value>
                <![CDATA[chromium]]>
              </value>
            </param>
            <param index="1">
              <value>
                <![CDATA[false]]>
              </value>
            </param>
          </params>
          <reporter-output>
          </reporter-output>
        </test-method> <!-- setUp -->
        <test-method signature="testContinueShopping()[pri:4, instance:com.saucedemo.tests.CartTest@25df00a0]" started-at="2025-08-10T02:25:52 GMT+06:00" name="testContinueShopping" description="Continue shopping from cart" finished-at="2025-08-10T02:26:01 GMT+06:00" duration-ms="8499" status="PASS">
          <reporter-output>
          </reporter-output>
        </test-method> <!-- testContinueShopping -->
        <test-method is-config="true" signature="tearDown()[pri:0, instance:com.saucedemo.tests.CartTest@25df00a0]" started-at="2025-08-10T02:26:01 GMT+06:00" name="tearDown" finished-at="2025-08-10T02:26:01 GMT+06:00" duration-ms="587" status="PASS">
          <reporter-output>
          </reporter-output>
        </test-method> <!-- tearDown -->
      </class> <!-- com.saucedemo.tests.CartTest -->
    </test> <!-- Cart Test -->
    <test started-at="2025-08-10T02:26:01 GMT+06:00" name="Logout Test" finished-at="2025-08-10T02:26:12 GMT+06:00" duration-ms="10533">
      <class name="com.saucedemo.tests.LogoutTest">
        <test-method is-config="true" signature="setUp(java.lang.String,java.lang.String)[pri:0, instance:com.saucedemo.tests.LogoutTest@491b9b8]" started-at="2025-08-10T02:26:01 GMT+06:00" name="setUp" finished-at="2025-08-10T02:26:04 GMT+06:00" duration-ms="2518" status="PASS">
          <params>
            <param index="0">
              <value>
                <![CDATA[chromium]]>
              </value>
            </param>
            <param index="1">
              <value>
                <![CDATA[false]]>
              </value>
            </param>
          </params>
          <reporter-output>
          </reporter-output>
        </test-method> <!-- setUp -->
        <test-method signature="testInventoryPageLogout()[pri:1, instance:com.saucedemo.tests.LogoutTest@491b9b8]" started-at="2025-08-10T02:26:04 GMT+06:00" name="testInventoryPageLogout" description="Verify inventory page is logout" finished-at="2025-08-10T02:26:11 GMT+06:00" duration-ms="7385" status="PASS">
          <reporter-output>
          </reporter-output>
        </test-method> <!-- testInventoryPageLogout -->
        <test-method is-config="true" signature="tearDown()[pri:0, instance:com.saucedemo.tests.LogoutTest@491b9b8]" started-at="2025-08-10T02:26:11 GMT+06:00" name="tearDown" finished-at="2025-08-10T02:26:12 GMT+06:00" duration-ms="613" status="PASS">
          <reporter-output>
          </reporter-output>
        </test-method> <!-- tearDown -->
      </class> <!-- com.saucedemo.tests.LogoutTest -->
    </test> <!-- Logout Test -->
    <test started-at="2025-08-10T02:26:12 GMT+06:00" name="Product Test" finished-at="2025-08-10T02:26:43 GMT+06:00" duration-ms="31502">
      <class name="com.saucedemo.tests.ProductTest">
        <test-method is-config="true" signature="setUp(java.lang.String,java.lang.String)[pri:0, instance:com.saucedemo.tests.ProductTest@210ab13f]" started-at="2025-08-10T02:26:12 GMT+06:00" name="setUp" finished-at="2025-08-10T02:26:14 GMT+06:00" duration-ms="2636" status="PASS">
          <params>
            <param index="0">
              <value>
                <![CDATA[chromium]]>
              </value>
            </param>
            <param index="1">
              <value>
                <![CDATA[false]]>
              </value>
            </param>
          </params>
          <reporter-output>
          </reporter-output>
        </test-method> <!-- setUp -->
        <test-method signature="testProductDetailsDisplay()[pri:1, instance:com.saucedemo.tests.ProductTest@210ab13f]" started-at="2025-08-10T02:26:14 GMT+06:00" name="testProductDetailsDisplay" description="Verify product details display" finished-at="2025-08-10T02:26:21 GMT+06:00" duration-ms="6324" status="PASS">
          <reporter-output>
          </reporter-output>
        </test-method> <!-- testProductDetailsDisplay -->
        <test-method is-config="true" signature="tearDown()[pri:0, instance:com.saucedemo.tests.ProductTest@210ab13f]" started-at="2025-08-10T02:26:21 GMT+06:00" name="tearDown" finished-at="2025-08-10T02:26:21 GMT+06:00" duration-ms="696" status="PASS">
          <reporter-output>
          </reporter-output>
        </test-method> <!-- tearDown -->
        <test-method is-config="true" signature="setUp(java.lang.String,java.lang.String)[pri:0, instance:com.saucedemo.tests.ProductTest@210ab13f]" started-at="2025-08-10T02:26:21 GMT+06:00" name="setUp" finished-at="2025-08-10T02:26:24 GMT+06:00" duration-ms="2838" status="PASS">
          <params>
            <param index="0">
              <value>
                <![CDATA[chromium]]>
              </value>
            </param>
            <param index="1">
              <value>
                <![CDATA[false]]>
              </value>
            </param>
          </params>
          <reporter-output>
          </reporter-output>
        </test-method> <!-- setUp -->
        <test-method signature="testAddToCartFromProductPage()[pri:2, instance:com.saucedemo.tests.ProductTest@210ab13f]" started-at="2025-08-10T02:26:24 GMT+06:00" name="testAddToCartFromProductPage" description="Add product to cart from details" finished-at="2025-08-10T02:26:32 GMT+06:00" duration-ms="7312" status="PASS">
          <reporter-output>
          </reporter-output>
        </test-method> <!-- testAddToCartFromProductPage -->
        <test-method is-config="true" signature="tearDown()[pri:0, instance:com.saucedemo.tests.ProductTest@210ab13f]" started-at="2025-08-10T02:26:32 GMT+06:00" name="tearDown" finished-at="2025-08-10T02:26:32 GMT+06:00" duration-ms="656" status="PASS">
          <reporter-output>
          </reporter-output>
        </test-method> <!-- tearDown -->
        <test-method is-config="true" signature="setUp(java.lang.String,java.lang.String)[pri:0, instance:com.saucedemo.tests.ProductTest@210ab13f]" started-at="2025-08-10T02:26:32 GMT+06:00" name="setUp" finished-at="2025-08-10T02:26:35 GMT+06:00" duration-ms="2879" status="PASS">
          <params>
            <param index="0">
              <value>
                <![CDATA[chromium]]>
              </value>
            </param>
            <param index="1">
              <value>
                <![CDATA[false]]>
              </value>
            </param>
          </params>
          <reporter-output>
          </reporter-output>
        </test-method> <!-- setUp -->
        <test-method signature="testBackNavigation()[pri:3, instance:com.saucedemo.tests.ProductTest@210ab13f]" started-at="2025-08-10T02:26:35 GMT+06:00" name="testBackNavigation" description="Navigate back to inventory" finished-at="2025-08-10T02:26:43 GMT+06:00" duration-ms="7468" status="PASS">
          <reporter-output>
          </reporter-output>
        </test-method> <!-- testBackNavigation -->
        <test-method is-config="true" signature="tearDown()[pri:0, instance:com.saucedemo.tests.ProductTest@210ab13f]" started-at="2025-08-10T02:26:43 GMT+06:00" name="tearDown" finished-at="2025-08-10T02:26:43 GMT+06:00" duration-ms="663" status="PASS">
          <reporter-output>
          </reporter-output>
        </test-method> <!-- tearDown -->
      </class> <!-- com.saucedemo.tests.ProductTest -->
    </test> <!-- Product Test -->
  </suite> <!-- SauceDemo Test Suite -->
</testng-results>
