<?xml version="1.0" encoding="UTF-8"?>
<testng-results ignored="0" total="13" passed="13" failed="0" skipped="0">
  <reporter-output>
  </reporter-output>
  <suite started-at="2025-08-08T20:07:31 GMT+06:00" name="SauceDemo Test Suite" finished-at="2025-08-08T20:11:09 GMT+06:00" duration-ms="218166">
    <groups>
    </groups>
    <test started-at="2025-08-08T20:07:31 GMT+06:00" name="Login Tests" finished-at="2025-08-08T20:08:26 GMT+06:00" duration-ms="55268">
      <class name="com.saucedemo.tests.LoginTest">
        <test-method is-config="true" signature="setUp(java.lang.String,java.lang.String)[pri:0, instance:com.saucedemo.tests.LoginTest@4d1c005e]" started-at="2025-08-08T20:07:31 GMT+06:00" name="setUp" finished-at="2025-08-08T20:07:52 GMT+06:00" duration-ms="20590" status="PASS">
          <params>
            <param index="0">
              <value>
                <![CDATA[chromium]]>
              </value>
            </param>
            <param index="1">
              <value>
                <![CDATA[false]]>
              </value>
            </param>
          </params>
          <reporter-output>
          </reporter-output>
        </test-method> <!-- setUp -->
        <test-method signature="testSuccessfulLogin()[pri:1, instance:com.saucedemo.tests.LoginTest@4d1c005e]" started-at="2025-08-08T20:07:52 GMT+06:00" name="testSuccessfulLogin" description="Successful login with valid credentials" finished-at="2025-08-08T20:08:00 GMT+06:00" duration-ms="8338" status="PASS">
          <reporter-output>
          </reporter-output>
        </test-method> <!-- testSuccessfulLogin -->
        <test-method is-config="true" signature="tearDown()[pri:0, instance:com.saucedemo.tests.LoginTest@4d1c005e]" started-at="2025-08-08T20:08:00 GMT+06:00" name="tearDown" finished-at="2025-08-08T20:08:01 GMT+06:00" duration-ms="826" status="PASS">
          <reporter-output>
          </reporter-output>
        </test-method> <!-- tearDown -->
        <test-method is-config="true" signature="setUp(java.lang.String,java.lang.String)[pri:0, instance:com.saucedemo.tests.LoginTest@4d1c005e]" started-at="2025-08-08T20:08:01 GMT+06:00" name="setUp" finished-at="2025-08-08T20:08:04 GMT+06:00" duration-ms="3121" status="PASS">
          <params>
            <param index="0">
              <value>
                <![CDATA[chromium]]>
              </value>
            </param>
            <param index="1">
              <value>
                <![CDATA[false]]>
              </value>
            </param>
          </params>
          <reporter-output>
          </reporter-output>
        </test-method> <!-- setUp -->
        <test-method signature="testLockedOutUser()[pri:2, instance:com.saucedemo.tests.LoginTest@4d1c005e]" started-at="2025-08-08T20:08:04 GMT+06:00" name="testLockedOutUser" description="Error message for locked_out_user" finished-at="2025-08-08T20:08:16 GMT+06:00" duration-ms="11489" status="PASS">
          <reporter-output>
          </reporter-output>
        </test-method> <!-- testLockedOutUser -->
        <test-method is-config="true" signature="tearDown()[pri:0, instance:com.saucedemo.tests.LoginTest@4d1c005e]" started-at="2025-08-08T20:08:16 GMT+06:00" name="tearDown" finished-at="2025-08-08T20:08:16 GMT+06:00" duration-ms="655" status="PASS">
          <reporter-output>
          </reporter-output>
        </test-method> <!-- tearDown -->
        <test-method is-config="true" signature="setUp(java.lang.String,java.lang.String)[pri:0, instance:com.saucedemo.tests.LoginTest@4d1c005e]" started-at="2025-08-08T20:08:16 GMT+06:00" name="setUp" finished-at="2025-08-08T20:08:19 GMT+06:00" duration-ms="2651" status="PASS">
          <params>
            <param index="0">
              <value>
                <![CDATA[chromium]]>
              </value>
            </param>
            <param index="1">
              <value>
                <![CDATA[false]]>
              </value>
            </param>
          </params>
          <reporter-output>
          </reporter-output>
        </test-method> <!-- setUp -->
        <test-method signature="testInvalidCredentials()[pri:3, instance:com.saucedemo.tests.LoginTest@4d1c005e]" started-at="2025-08-08T20:08:19 GMT+06:00" name="testInvalidCredentials" description="Error message for invalid credentials" finished-at="2025-08-08T20:08:25 GMT+06:00" duration-ms="6386" status="PASS">
          <reporter-output>
          </reporter-output>
        </test-method> <!-- testInvalidCredentials -->
        <test-method is-config="true" signature="tearDown()[pri:0, instance:com.saucedemo.tests.LoginTest@4d1c005e]" started-at="2025-08-08T20:08:25 GMT+06:00" name="tearDown" finished-at="2025-08-08T20:08:26 GMT+06:00" duration-ms="654" status="PASS">
          <reporter-output>
          </reporter-output>
        </test-method> <!-- tearDown -->
      </class> <!-- com.saucedemo.tests.LoginTest -->
    </test> <!-- Login Tests -->
    <test started-at="2025-08-08T20:08:26 GMT+06:00" name="Inventory Test" finished-at="2025-08-08T20:09:56 GMT+06:00" duration-ms="89574">
      <class name="com.saucedemo.tests.InventoryTest">
        <test-method is-config="true" signature="setUp(java.lang.String,java.lang.String)[pri:0, instance:com.saucedemo.tests.InventoryTest@6a8658ff]" started-at="2025-08-08T20:08:26 GMT+06:00" name="setUp" finished-at="2025-08-08T20:08:29 GMT+06:00" duration-ms="2721" status="PASS">
          <params>
            <param index="0">
              <value>
                <![CDATA[chromium]]>
              </value>
            </param>
            <param index="1">
              <value>
                <![CDATA[false]]>
              </value>
            </param>
          </params>
          <reporter-output>
          </reporter-output>
        </test-method> <!-- setUp -->
        <test-method signature="testInventoryPageHeading()[pri:1, instance:com.saucedemo.tests.InventoryTest@6a8658ff]" started-at="2025-08-08T20:08:29 GMT+06:00" name="testInventoryPageHeading" description="Verify inventory page contains &#039;Swag Labs&#039; heading" finished-at="2025-08-08T20:08:40 GMT+06:00" duration-ms="10746" status="PASS">
          <reporter-output>
          </reporter-output>
        </test-method> <!-- testInventoryPageHeading -->
        <test-method is-config="true" signature="tearDown()[pri:0, instance:com.saucedemo.tests.InventoryTest@6a8658ff]" started-at="2025-08-08T20:08:40 GMT+06:00" name="tearDown" finished-at="2025-08-08T20:08:40 GMT+06:00" duration-ms="778" status="PASS">
          <reporter-output>
          </reporter-output>
        </test-method> <!-- tearDown -->
        <test-method is-config="true" signature="setUp(java.lang.String,java.lang.String)[pri:0, instance:com.saucedemo.tests.InventoryTest@6a8658ff]" started-at="2025-08-08T20:08:40 GMT+06:00" name="setUp" finished-at="2025-08-08T20:08:43 GMT+06:00" duration-ms="2484" status="PASS">
          <params>
            <param index="0">
              <value>
                <![CDATA[chromium]]>
              </value>
            </param>
            <param index="1">
              <value>
                <![CDATA[false]]>
              </value>
            </param>
          </params>
          <reporter-output>
          </reporter-output>
        </test-method> <!-- setUp -->
        <test-method signature="testCartBadgeDisplay()[pri:2, instance:com.saucedemo.tests.InventoryTest@6a8658ff]" started-at="2025-08-08T20:08:43 GMT+06:00" name="testCartBadgeDisplay" description="Verify cart badge is displayed when item added" finished-at="2025-08-08T20:08:50 GMT+06:00" duration-ms="6995" status="PASS">
          <reporter-output>
          </reporter-output>
        </test-method> <!-- testCartBadgeDisplay -->
        <test-method is-config="true" signature="tearDown()[pri:0, instance:com.saucedemo.tests.InventoryTest@6a8658ff]" started-at="2025-08-08T20:08:50 GMT+06:00" name="tearDown" finished-at="2025-08-08T20:08:51 GMT+06:00" duration-ms="642" status="PASS">
          <reporter-output>
          </reporter-output>
        </test-method> <!-- tearDown -->
        <test-method is-config="true" signature="setUp(java.lang.String,java.lang.String)[pri:0, instance:com.saucedemo.tests.InventoryTest@6a8658ff]" started-at="2025-08-08T20:08:51 GMT+06:00" name="setUp" finished-at="2025-08-08T20:08:53 GMT+06:00" duration-ms="2663" status="PASS">
          <params>
            <param index="0">
              <value>
                <![CDATA[chromium]]>
              </value>
            </param>
            <param index="1">
              <value>
                <![CDATA[false]]>
              </value>
            </param>
          </params>
          <reporter-output>
          </reporter-output>
        </test-method> <!-- setUp -->
        <test-method signature="testAddItemToCart()[pri:3, instance:com.saucedemo.tests.InventoryTest@6a8658ff]" started-at="2025-08-08T20:08:53 GMT+06:00" name="testAddItemToCart" description="Add item to cart from inventory" finished-at="2025-08-08T20:09:02 GMT+06:00" duration-ms="8426" status="PASS">
          <reporter-output>
          </reporter-output>
        </test-method> <!-- testAddItemToCart -->
        <test-method is-config="true" signature="tearDown()[pri:0, instance:com.saucedemo.tests.InventoryTest@6a8658ff]" started-at="2025-08-08T20:09:02 GMT+06:00" name="tearDown" finished-at="2025-08-08T20:09:02 GMT+06:00" duration-ms="592" status="PASS">
          <reporter-output>
          </reporter-output>
        </test-method> <!-- tearDown -->
        <test-method is-config="true" signature="setUp(java.lang.String,java.lang.String)[pri:0, instance:com.saucedemo.tests.InventoryTest@6a8658ff]" started-at="2025-08-08T20:09:02 GMT+06:00" name="setUp" finished-at="2025-08-08T20:09:05 GMT+06:00" duration-ms="2528" status="PASS">
          <params>
            <param index="0">
              <value>
                <![CDATA[chromium]]>
              </value>
            </param>
            <param index="1">
              <value>
                <![CDATA[false]]>
              </value>
            </param>
          </params>
          <reporter-output>
          </reporter-output>
        </test-method> <!-- setUp -->
        <test-method signature="testRemoveItemFromInventory()[pri:4, instance:com.saucedemo.tests.InventoryTest@6a8658ff]" started-at="2025-08-08T20:09:05 GMT+06:00" name="testRemoveItemFromInventory" description="Remove item from inventory" finished-at="2025-08-08T20:09:16 GMT+06:00" duration-ms="11028" status="PASS">
          <reporter-output>
          </reporter-output>
        </test-method> <!-- testRemoveItemFromInventory -->
        <test-method is-config="true" signature="tearDown()[pri:0, instance:com.saucedemo.tests.InventoryTest@6a8658ff]" started-at="2025-08-08T20:09:16 GMT+06:00" name="tearDown" finished-at="2025-08-08T20:09:16 GMT+06:00" duration-ms="554" status="PASS">
          <reporter-output>
          </reporter-output>
        </test-method> <!-- tearDown -->
        <test-method is-config="true" signature="setUp(java.lang.String,java.lang.String)[pri:0, instance:com.saucedemo.tests.InventoryTest@6a8658ff]" started-at="2025-08-08T20:09:16 GMT+06:00" name="setUp" finished-at="2025-08-08T20:09:19 GMT+06:00" duration-ms="2606" status="PASS">
          <params>
            <param index="0">
              <value>
                <![CDATA[chromium]]>
              </value>
            </param>
            <param index="1">
              <value>
                <![CDATA[false]]>
              </value>
            </param>
          </params>
          <reporter-output>
          </reporter-output>
        </test-method> <!-- setUp -->
        <test-method signature="testSortInventory()[pri:5, instance:com.saucedemo.tests.InventoryTest@6a8658ff]" started-at="2025-08-08T20:09:19 GMT+06:00" name="testSortInventory" description="Sort inventory items by Name (Z to A)" finished-at="2025-08-08T20:09:35 GMT+06:00" duration-ms="15737" status="PASS">
          <reporter-output>
          </reporter-output>
        </test-method> <!-- testSortInventory -->
        <test-method is-config="true" signature="tearDown()[pri:0, instance:com.saucedemo.tests.InventoryTest@6a8658ff]" started-at="2025-08-08T20:09:35 GMT+06:00" name="tearDown" finished-at="2025-08-08T20:09:35 GMT+06:00" duration-ms="580" status="PASS">
          <reporter-output>
          </reporter-output>
        </test-method> <!-- tearDown -->
        <test-method is-config="true" signature="setUp(java.lang.String,java.lang.String)[pri:0, instance:com.saucedemo.tests.InventoryTest@6a8658ff]" started-at="2025-08-08T20:09:35 GMT+06:00" name="setUp" finished-at="2025-08-08T20:09:38 GMT+06:00" duration-ms="2382" status="PASS">
          <params>
            <param index="0">
              <value>
                <![CDATA[chromium]]>
              </value>
            </param>
            <param index="1">
              <value>
                <![CDATA[false]]>
              </value>
            </param>
          </params>
          <reporter-output>
          </reporter-output>
        </test-method> <!-- setUp -->
        <test-method signature="testMenuButtonExists()[pri:6, instance:com.saucedemo.tests.InventoryTest@6a8658ff]" started-at="2025-08-08T20:09:38 GMT+06:00" name="testMenuButtonExists" description="Verify &#039;Open Menu&#039; button exists" finished-at="2025-08-08T20:09:55 GMT+06:00" duration-ms="17549" status="PASS">
          <reporter-output>
          </reporter-output>
        </test-method> <!-- testMenuButtonExists -->
        <test-method is-config="true" signature="tearDown()[pri:0, instance:com.saucedemo.tests.InventoryTest@6a8658ff]" started-at="2025-08-08T20:09:55 GMT+06:00" name="tearDown" finished-at="2025-08-08T20:09:56 GMT+06:00" duration-ms="474" status="PASS">
          <reporter-output>
          </reporter-output>
        </test-method> <!-- tearDown -->
      </class> <!-- com.saucedemo.tests.InventoryTest -->
    </test> <!-- Inventory Test -->
    <test started-at="2025-08-08T20:09:56 GMT+06:00" name="Cart Test" finished-at="2025-08-08T20:11:09 GMT+06:00" duration-ms="73235">
      <class name="com.saucedemo.tests.CartTest">
        <test-method is-config="true" signature="setUp(java.lang.String,java.lang.String)[pri:0, instance:com.saucedemo.tests.CartTest@25df00a0]" started-at="2025-08-08T20:09:56 GMT+06:00" name="setUp" finished-at="2025-08-08T20:09:58 GMT+06:00" duration-ms="2193" status="PASS">
          <params>
            <param index="0">
              <value>
                <![CDATA[chromium]]>
              </value>
            </param>
            <param index="1">
              <value>
                <![CDATA[false]]>
              </value>
            </param>
          </params>
          <reporter-output>
          </reporter-output>
        </test-method> <!-- setUp -->
        <test-method signature="testCheckoutButtonVisible()[pri:1, instance:com.saucedemo.tests.CartTest@25df00a0]" started-at="2025-08-08T20:09:58 GMT+06:00" name="testCheckoutButtonVisible" description="Verify checkout button is visible" finished-at="2025-08-08T20:10:17 GMT+06:00" duration-ms="18825" status="PASS">
          <reporter-output>
          </reporter-output>
        </test-method> <!-- testCheckoutButtonVisible -->
        <test-method is-config="true" signature="tearDown()[pri:0, instance:com.saucedemo.tests.CartTest@25df00a0]" started-at="2025-08-08T20:10:17 GMT+06:00" name="tearDown" finished-at="2025-08-08T20:10:17 GMT+06:00" duration-ms="558" status="PASS">
          <reporter-output>
          </reporter-output>
        </test-method> <!-- tearDown -->
        <test-method is-config="true" signature="setUp(java.lang.String,java.lang.String)[pri:0, instance:com.saucedemo.tests.CartTest@25df00a0]" started-at="2025-08-08T20:10:17 GMT+06:00" name="setUp" finished-at="2025-08-08T20:10:20 GMT+06:00" duration-ms="2241" status="PASS">
          <params>
            <param index="0">
              <value>
                <![CDATA[chromium]]>
              </value>
            </param>
            <param index="1">
              <value>
                <![CDATA[false]]>
              </value>
            </param>
          </params>
          <reporter-output>
          </reporter-output>
        </test-method> <!-- setUp -->
        <test-method signature="testItemAddedToCart()[pri:2, instance:com.saucedemo.tests.CartTest@25df00a0]" started-at="2025-08-08T20:10:20 GMT+06:00" name="testItemAddedToCart" description="Verify items added to cart" finished-at="2025-08-08T20:10:40 GMT+06:00" duration-ms="19866" status="PASS">
          <reporter-output>
          </reporter-output>
        </test-method> <!-- testItemAddedToCart -->
        <test-method is-config="true" signature="tearDown()[pri:0, instance:com.saucedemo.tests.CartTest@25df00a0]" started-at="2025-08-08T20:10:40 GMT+06:00" name="tearDown" finished-at="2025-08-08T20:10:40 GMT+06:00" duration-ms="522" status="PASS">
          <reporter-output>
          </reporter-output>
        </test-method> <!-- tearDown -->
        <test-method is-config="true" signature="setUp(java.lang.String,java.lang.String)[pri:0, instance:com.saucedemo.tests.CartTest@25df00a0]" started-at="2025-08-08T20:10:40 GMT+06:00" name="setUp" finished-at="2025-08-08T20:10:42 GMT+06:00" duration-ms="2180" status="PASS">
          <params>
            <param index="0">
              <value>
                <![CDATA[chromium]]>
              </value>
            </param>
            <param index="1">
              <value>
                <![CDATA[false]]>
              </value>
            </param>
          </params>
          <reporter-output>
          </reporter-output>
        </test-method> <!-- setUp -->
        <test-method signature="testRemoveItemFromCart()[pri:3, instance:com.saucedemo.tests.CartTest@25df00a0]" started-at="2025-08-08T20:10:42 GMT+06:00" name="testRemoveItemFromCart" description="Remove item from cart" finished-at="2025-08-08T20:10:59 GMT+06:00" duration-ms="16634" status="PASS">
          <reporter-output>
          </reporter-output>
        </test-method> <!-- testRemoveItemFromCart -->
        <test-method is-config="true" signature="tearDown()[pri:0, instance:com.saucedemo.tests.CartTest@25df00a0]" started-at="2025-08-08T20:10:59 GMT+06:00" name="tearDown" finished-at="2025-08-08T20:10:59 GMT+06:00" duration-ms="580" status="PASS">
          <reporter-output>
          </reporter-output>
        </test-method> <!-- tearDown -->
        <test-method is-config="true" signature="setUp(java.lang.String,java.lang.String)[pri:0, instance:com.saucedemo.tests.CartTest@25df00a0]" started-at="2025-08-08T20:10:59 GMT+06:00" name="setUp" finished-at="2025-08-08T20:11:02 GMT+06:00" duration-ms="2055" status="PASS">
          <params>
            <param index="0">
              <value>
                <![CDATA[chromium]]>
              </value>
            </param>
            <param index="1">
              <value>
                <![CDATA[false]]>
              </value>
            </param>
          </params>
          <reporter-output>
          </reporter-output>
        </test-method> <!-- setUp -->
        <test-method signature="testContinueShopping()[pri:4, instance:com.saucedemo.tests.CartTest@25df00a0]" started-at="2025-08-08T20:11:02 GMT+06:00" name="testContinueShopping" description="Continue shopping from cart" finished-at="2025-08-08T20:11:08 GMT+06:00" duration-ms="6971" status="PASS">
          <reporter-output>
          </reporter-output>
        </test-method> <!-- testContinueShopping -->
        <test-method is-config="true" signature="tearDown()[pri:0, instance:com.saucedemo.tests.CartTest@25df00a0]" started-at="2025-08-08T20:11:08 GMT+06:00" name="tearDown" finished-at="2025-08-08T20:11:09 GMT+06:00" duration-ms="556" status="PASS">
          <reporter-output>
          </reporter-output>
        </test-method> <!-- tearDown -->
      </class> <!-- com.saucedemo.tests.CartTest -->
    </test> <!-- Cart Test -->
  </suite> <!-- SauceDemo Test Suite -->
</testng-results>
